0 info it worked if it ends with ok
1 verbose cli [ '/usr/local/Cellar/node/5.5.0/bin/node',
1 verbose cli   '/usr/local/bin/npm',
1 verbose cli   'start' ]
2 info using npm@3.5.3
3 info using node@v5.5.0
4 verbose run-script [ 'prestart', 'start', 'poststart' ]
5 info lifecycle webpack-cloud-deploy-client@1.0.0~prestart: webpack-cloud-deploy-client@1.0.0
6 verbose lifecycle webpack-cloud-deploy-client@1.0.0~prestart: unsafe-perm in lifecycle true
7 verbose lifecycle webpack-cloud-deploy-client@1.0.0~prestart: PATH: /usr/local/lib/node_modules/npm/bin/node-gyp-bin:/Users/svena/Offline/reactjs-blueprints/chapter8/serverdeploy/node_modules/.bin:/usr/local/opt/coreutils/libexec/gnubin:/usr/local/opt/coreutils/libexec/gnubin:/Users/svena/.rbenv/shims:/Users/svena/.rbenv/bin:/usr/local/bin:/usr/bin:/bin:/usr/sbin:/sbin
8 verbose lifecycle webpack-cloud-deploy-client@1.0.0~prestart: CWD: /Users/svena/Offline/reactjs-blueprints/chapter8/serverdeploy
9 silly lifecycle webpack-cloud-deploy-client@1.0.0~prestart: Args: [ '-c', 'npm run build' ]
10 silly lifecycle webpack-cloud-deploy-client@1.0.0~prestart: Returned: code: 0  signal: null
11 info lifecycle webpack-cloud-deploy-client@1.0.0~start: webpack-cloud-deploy-client@1.0.0
12 verbose lifecycle webpack-cloud-deploy-client@1.0.0~start: unsafe-perm in lifecycle true
13 verbose lifecycle webpack-cloud-deploy-client@1.0.0~start: PATH: /usr/local/lib/node_modules/npm/bin/node-gyp-bin:/Users/svena/Offline/reactjs-blueprints/chapter8/serverdeploy/node_modules/.bin:/usr/local/opt/coreutils/libexec/gnubin:/usr/local/opt/coreutils/libexec/gnubin:/Users/svena/.rbenv/shims:/Users/svena/.rbenv/bin:/usr/local/bin:/usr/bin:/bin:/usr/sbin:/sbin
14 verbose lifecycle webpack-cloud-deploy-client@1.0.0~start: CWD: /Users/svena/Offline/reactjs-blueprints/chapter8/serverdeploy
15 silly lifecycle webpack-cloud-deploy-client@1.0.0~start: Args: [ '-c', 'babel server.prod.es6.js > server.prod.js' ]
16 silly lifecycle webpack-cloud-deploy-client@1.0.0~start: Returned: code: 0  signal: null
17 info lifecycle webpack-cloud-deploy-client@1.0.0~poststart: webpack-cloud-deploy-client@1.0.0
18 verbose lifecycle webpack-cloud-deploy-client@1.0.0~poststart: unsafe-perm in lifecycle true
19 verbose lifecycle webpack-cloud-deploy-client@1.0.0~poststart: PATH: /usr/local/lib/node_modules/npm/bin/node-gyp-bin:/Users/svena/Offline/reactjs-blueprints/chapter8/serverdeploy/node_modules/.bin:/usr/local/opt/coreutils/libexec/gnubin:/usr/local/opt/coreutils/libexec/gnubin:/Users/svena/.rbenv/shims:/Users/svena/.rbenv/bin:/usr/local/bin:/usr/bin:/bin:/usr/sbin:/sbin
20 verbose lifecycle webpack-cloud-deploy-client@1.0.0~poststart: CWD: /Users/svena/Offline/reactjs-blueprints/chapter8/serverdeploy
21 silly lifecycle webpack-cloud-deploy-client@1.0.0~poststart: Args: [ '-c', 'cross-env NODE_ENV=production node server.prod.js' ]
22 silly lifecycle webpack-cloud-deploy-client@1.0.0~poststart: Returned: code: 1  signal: null
23 info lifecycle webpack-cloud-deploy-client@1.0.0~poststart: Failed to exec poststart script
24 verbose stack Error: webpack-cloud-deploy-client@1.0.0 poststart: `cross-env NODE_ENV=production node server.prod.js`
24 verbose stack Exit status 1
24 verbose stack     at EventEmitter.<anonymous> (/usr/local/lib/node_modules/npm/lib/utils/lifecycle.js:232:16)
24 verbose stack     at emitTwo (events.js:100:13)
24 verbose stack     at EventEmitter.emit (events.js:185:7)
24 verbose stack     at ChildProcess.<anonymous> (/usr/local/lib/node_modules/npm/lib/utils/spawn.js:24:14)
24 verbose stack     at emitTwo (events.js:100:13)
24 verbose stack     at ChildProcess.emit (events.js:185:7)
24 verbose stack     at maybeClose (internal/child_process.js:821:16)
24 verbose stack     at Process.ChildProcess._handle.onexit (internal/child_process.js:211:5)
25 verbose pkgid webpack-cloud-deploy-client@1.0.0
26 verbose cwd /Users/svena/Offline/reactjs-blueprints/chapter8/serverdeploy/source
27 error Darwin 15.3.0
28 error argv "/usr/local/Cellar/node/5.5.0/bin/node" "/usr/local/bin/npm" "start"
29 error node v5.5.0
30 error npm  v3.5.3
31 error code ELIFECYCLE
32 error webpack-cloud-deploy-client@1.0.0 poststart: `cross-env NODE_ENV=production node server.prod.js`
32 error Exit status 1
33 error Failed at the webpack-cloud-deploy-client@1.0.0 poststart script 'cross-env NODE_ENV=production node server.prod.js'.
33 error Make sure you have the latest version of node.js and npm installed.
33 error If you do, this is most likely a problem with the webpack-cloud-deploy-client package,
33 error not with npm itself.
33 error Tell the author that this fails on your system:
33 error     cross-env NODE_ENV=production node server.prod.js
33 error You can get information on how to open an issue for this project with:
33 error     npm bugs webpack-cloud-deploy-client
33 error Or if that isn't available, you can get their info via:
33 error     npm owner ls webpack-cloud-deploy-client
33 error There is likely additional logging output above.
34 verbose exit [ 1, true ]
